<!DOCTYPE HTML PUBLIC "-//W3C//DTD HTML 4.01 Transitional//EN" "http://www.w3.org/TR/html4/loose.dtd">
<HTML
><HEAD
><TITLE
>EXPLAINの利用</TITLE
><META
NAME="GENERATOR"
CONTENT="Modular DocBook HTML Stylesheet Version "><LINK
REV="MADE"
HREF="mailto:pgsql-docs@postgresql.org"><LINK
REL="HOME"
TITLE="PostgreSQL 9.1.4文書"
HREF="index.html"><LINK
REL="UP"
TITLE="性能に関するヒント"
HREF="performance-tips.html"><LINK
REL="PREVIOUS"
TITLE="性能に関するヒント"
HREF="performance-tips.html"><LINK
REL="NEXT"
TITLE="プランナで使用される統計情報"
HREF="planner-stats.html"><LINK
REL="STYLESHEET"
TYPE="text/css"
HREF="stylesheet.css"><META
HTTP-EQUIV="Content-Type"
CONTENT="text/html; charset=euc-jp"><META
NAME="creation"
CONTENT="2012-06-16T03:12:10"></HEAD
><BODY
CLASS="SECT1"
><script type="text/javascript">
var mod_layout = 'test';
var gaJsHost = (("https:" == document.location.protocol) ? "https://ssl." : "http://www.");
document.write(unescape("%3Cscript src='" + gaJsHost + "google-analytics.com/ga.js' type='text/javascript'%3E%3C/script%3E"));
</script>
<script type="text/javascript">
var pageTracker = _gat._getTracker("UA-50659-6");
pageTracker._trackPageview();
</script>
<style>
body{margin:0;}
#lay_body{margin:8px;}
#lay_header{margin:0 0 4px 0;border:0;padding:0;}
#lay_header .b1{border-bottom:#cef solid 1px;}
#lay_header .b2{border-bottom:#8df solid 1px;}
#lay_header .b3{border-bottom:#4bf solid 1px;padding:5px 5px 3px 5px;background:#0af;text-align:center;color:#fff;}
#lay_header a{text-decoration:none;color:#fff;font-weight:bold;}
#lay_header a:hover{text-decoration:underline;}
</style>
<div id="lay_header"><div class="b1"><div class="b2"><div class="b3">
<a href="http://lets.postgresql.jp/" target="_blank">PostgreSQLポータルサイト ＜Let's Postgres＞ http://lets.postgresql.jp/</a><br>
入門から運用、チューニングノウハウ、新機能の解説など、幅広い内容の技術解説記事をお読みいただけます。
</div></div></div></div>
<div id="lay_body">
<DIV
CLASS="NAVHEADER"
><TABLE
SUMMARY="Header navigation table"
WIDTH="100%"
BORDER="0"
CELLPADDING="0"
CELLSPACING="0"
><TR
><TH
COLSPAN="5"
ALIGN="center"
VALIGN="bottom"
><A
HREF="index.html"
>PostgreSQL 9.1.4文書</A
></TH
></TR
><TR
><TD
WIDTH="10%"
ALIGN="left"
VALIGN="top"
><A
TITLE="性能に関するヒント"
HREF="performance-tips.html"
ACCESSKEY="P"
>&#21069;&#12398;&#12506;&#12540;&#12472;</A
></TD
><TD
WIDTH="10%"
ALIGN="left"
VALIGN="top"
><A
TITLE="性能に関するヒント"
HREF="performance-tips.html"
>&#24059;&#25147;&#12375;</A
></TD
><TD
WIDTH="60%"
ALIGN="center"
VALIGN="bottom"
>&#31532; 14&#31456;性能に関するヒント</TD
><TD
WIDTH="10%"
ALIGN="right"
VALIGN="top"
><A
TITLE="性能に関するヒント"
HREF="performance-tips.html"
>&#26089;&#36865;&#12426;</A
></TD
><TD
WIDTH="10%"
ALIGN="right"
VALIGN="top"
><A
TITLE="プランナで使用される統計情報"
HREF="planner-stats.html"
ACCESSKEY="N"
>&#27425;&#12398;&#12506;&#12540;&#12472;</A
></TD
></TR
></TABLE
><HR
ALIGN="LEFT"
WIDTH="100%"></DIV
><DIV
CLASS="SECT1"
><H1
CLASS="SECT1"
><A
NAME="USING-EXPLAIN"
>14.1. <TT
CLASS="COMMAND"
>EXPLAIN</TT
>の利用</A
></H1
><P
><SPAN
CLASS="PRODUCTNAME"
>PostgreSQL</SPAN
>は受理した問い合わせから<I
CLASS="FIRSTTERM"
>問い合わせ計画</I
>を作り出します。
問い合わせの構造と含まれるデータの性質に適した正しい問い合わせ計画を選択することが、良い性能を得るために非常に重要になります。
ですので、システムには優れた計画の選択を試みる複雑な<I
CLASS="FIRSTTERM"
>プランナ</I
>が存在します。
<A
HREF="sql-explain.html"
>EXPLAIN</A
>コマンドを使えば、任意の問い合わせに対してプランナがどのような問い合わせ計画を作ったのかわかります。
問い合わせ計画を読みこなすことについては、別途広範囲にわたるチュートリアルを作らなければならないほどの腕が必要です。
本書ではそこまでカバーしませんが、基本的な情報をいくつか提供します。
   </P
><P
>問い合わせ計画は<I
CLASS="FIRSTTERM"
>計画ノード</I
>のツリー構造です。
ツリー構造の最下層ノードはテーブルスキャンノードで、テーブルから行そのものを返します。
シーケンシャルスキャン、インデックススキャン、ビットマップインデックススキャンといったテーブルアクセス方法の違いに応じ、スキャンノードの種類に違いがあります。
問い合わせが結合・集約・ソートなど、行そのものに対する操作を必要としている場合、スキャンノードの上位に更に、これらの操作を行うためのノードが追加されます。
これらの操作の実現方法にも通常複数の方法がありますので、異なった種類のノードがここに出現することもあり得ます。
<TT
CLASS="COMMAND"
>EXPLAIN</TT
>には計画ツリー内の各ノードにつき1行の出力があり、基本ノード種類とプランナが生成したその計画ノードの実行に要するコスト推定値を示します。
1行目（もっとも上位ノード）には、計画全体の実行コスト推定値が含まれます。
プランナはこの値が最小になるように動作します。
   </P
><P
>どのような出力となるのかを示すためだけに、ここで簡単な例を示します。
    <A
NAME="AEN22842"
HREF="#FTN.AEN22842"
><SPAN
CLASS="footnote"
>[1]</SPAN
></A
>

</P><PRE
CLASS="PROGRAMLISTING"
>EXPLAIN SELECT * FROM tenk1;

                         QUERY PLAN
-------------------------------------------------------------
 Seq Scan on tenk1  (cost=0.00..458.00 rows=10000 width=244)</PRE
><P>
   </P
><P
><TT
CLASS="COMMAND"
>EXPLAIN</TT
>が（左から右に）出力する数値には以下のものがあります。

    <P
></P
></P><UL
><LI
><P
>初期処理の推定コスト（出力用のスキャンが開始されるまでに消費される時間、例えば、SORTノードで実行されるソート処理の時間）。
      </P
></LI
><LI
><P
>全体推定コスト。
（すべての行を受け取った場合。
ただしすべてではない場合もあります。
例えば<TT
CLASS="LITERAL"
>LIMIT</TT
>句を取る問い合わせでは<TT
CLASS="LITERAL"
>Limit</TT
>計画ノードへの入力ノードの総コストをかける前に停止するため短くなります。）
      </P
></LI
><LI
><P
>この計画ノードが出力する行の推定数（これも、実行が完了した場合のみ）。
      </P
></LI
><LI
><P
>この計画ノードが出力する行の（バイト単位での）推定平均幅。
      </P
></LI
></UL
><P>
   </P
><P
>コストはプランナのコストパラメータ（<A
HREF="runtime-config-query.html#RUNTIME-CONFIG-QUERY-CONSTANTS"
>&#38917;18.7.2</A
>参照）によって決まる任意の単位で測定されます。
取り出すディスクページ単位でコストを測定することが、伝統的な方式です。
つまり、<A
HREF="runtime-config-query.html#GUC-SEQ-PAGE-COST"
>seq_page_cost</A
>を慣習的に<TT
CLASS="LITERAL"
>1.0</TT
>に設定し、他のコストパラメータを相対的に設定します。
（本節の例では、デフォルトのコストパラメータで実行しています。）
   </P
><P
>上位ノードのコストには、すべての子ノードのコストもその中に含まれていることに十分留意してください。
このコストはプランナが関与するコストのみ反映する点もまた重要です。
とりわけ、結果の行をクライアントに転送するコストは、実際の処理時間の重要な要因となる可能性があるにもかかわらず、考慮されません。
プランナは、計画をいかに変更しようと、どうすることもできないため、これを無視します。
（正しい計画はどんなものであれ、すべて同じ行を結果として出力すると信じています。）
   </P
><P
><TT
CLASS="LITERAL"
>rows</TT
>の値は、計画ノードによって処理あるいはスキャンされた行数を表して<SPAN
CLASS="emphasis"
><I
CLASS="EMPHASIS"
>いないので</I
></SPAN
>、多少扱いにくくなっています。
該当ノードに適用されるすべての<TT
CLASS="LITERAL"
>WHERE</TT
>句条件の選択性推定値を反映し、通常少ない行数になります。
理想的には、最上位の行数の推定値は、実際に問い合わせによって返され、更新され、あるいは削除された概算の行数となります。
   </P
><P
>例に戻ります。


</P><PRE
CLASS="PROGRAMLISTING"
>EXPLAIN SELECT * FROM tenk1;

                         QUERY PLAN
-------------------------------------------------------------
 Seq Scan on tenk1  (cost=0.00..458.00 rows=10000 width=244)</PRE
><P>
   </P
><P
>これはほとんど見たままです。もし、

</P><PRE
CLASS="PROGRAMLISTING"
>SELECT relpages, reltuples FROM pg_class WHERE relname = 'tenk1';</PRE
><P>

を実行すると、<CODE
CLASS="CLASSNAME"
>tenk1</CODE
>には358のディスクページと10000の行があることがわかります。
推定コストは（ディスクページ読み取り x <A
HREF="runtime-config-query.html#GUC-SEQ-PAGE-COST"
>seq_page_cost</A
>）+（スキャンした行 x <A
HREF="runtime-config-query.html#GUC-CPU-TUPLE-COST"
>cpu_tuple_cost</A
>）と計算されます。
デフォルトでは、<TT
CLASS="VARNAME"
>seq_page_cost</TT
>は1.0、<TT
CLASS="VARNAME"
>cpu_tuple_cost</TT
>は0.01です。
ですから、推定コストは(358 * 1.0) + (10000 * 0.01) = 458となります。
   </P
><P
>では、<TT
CLASS="LITERAL"
>WHERE</TT
>条件を加えて元の問い合わせを変更してみます。

</P><PRE
CLASS="PROGRAMLISTING"
>EXPLAIN SELECT * FROM tenk1 WHERE unique1 &lt; 7000;

                         QUERY PLAN
------------------------------------------------------------
 Seq Scan on tenk1  (cost=0.00..483.00 rows=7033 width=244)
   Filter: (unique1 &lt; 7000)</PRE
><P>

<TT
CLASS="COMMAND"
>EXPLAIN</TT
>の出力が適用される<TT
CLASS="LITERAL"
>WHERE</TT
>句が<SPAN
CLASS="QUOTE"
>"フィルタ"</SPAN
>条件として表示していることに注意してください。
これは、この計画ノードがスキャンした各行に対してその条件を検査することを意味し、その条件を通過したもののみが出力されます。
<TT
CLASS="LITERAL"
>WHERE</TT
>句があるため、推定出力行数が小さくなっています。
しかし、依然として10000行すべてをスキャンする必要があるため、コストは小さくなっていません。
実際には、<TT
CLASS="LITERAL"
>WHERE</TT
>条件を検査するためにCPU時間が余計にかかることを反映して、ほんの少し（正確には10000 x <A
HREF="runtime-config-query.html#GUC-CPU-OPERATOR-COST"
>cpu_operator_cost</A
>）ですがコストが上昇しています。
   </P
><P
>この問い合わせが選択する実際の行数は7000です。
しかし、<TT
CLASS="LITERAL"
>rows</TT
>の推定行数は概算値に過ぎません。
この実験を2回実行した場合、おそらく多少異なる推定値を得るでしょう。
もっと言うと、これは<TT
CLASS="COMMAND"
>ANALYZE</TT
>コマンドを行う度に変化します。
なぜなら、<TT
CLASS="COMMAND"
>ANALYZE</TT
>で生成される統計情報は、テーブルのランダムな標本から取り出されるからです。
   </P
><P
>では、条件をより強く制限してみます。

</P><PRE
CLASS="PROGRAMLISTING"
>EXPLAIN SELECT * FROM tenk1 WHERE unique1 &lt; 100;

                                  QUERY PLAN
------------------------------------------------------------------------------
 Bitmap Heap Scan on tenk1  (cost=2.37..232.35 rows=106 width=244)
   Recheck Cond: (unique1 &lt; 100)
   -&#62;  Bitmap Index Scan on tenk1_unique1  (cost=0.00..2.37 rows=106 width=0)
         Index Cond: (unique1 &lt; 100)</PRE
><P>

ここでは、プランナは2段階の計画を使用することを決定しました。
最下層の計画ノードは、インデックスを使用して、インデックス条件に合う行の場所を検索します。
そして、上位計画ノードが実際にテーブル自体からこれらの行を取り出します。
行を別々に取り出すことは、シーケンシャルな読み取りに比べ非常に高価です。
しかし、テーブルのすべてのページを読み取る必要はありませんので、シーケンシャルスキャンより低価になります。
（2段階の計画を使用する理由は、別々に行を取り出すコストを最小にするために、上位の計画ノードがインデックスにより識別された行の位置を読み取る前に物理的な順序でソートすることです。
ノードで記載されている<SPAN
CLASS="QUOTE"
>"bitmap"</SPAN
>は、ソートを行う機構の名前です。）
   </P
><P
><TT
CLASS="LITERAL"
>WHERE</TT
>条件の選択性が十分であれば、プランナが<SPAN
CLASS="QUOTE"
>"単純な"</SPAN
>インデックススキャン計画に切り替える可能性があります。

</P><PRE
CLASS="PROGRAMLISTING"
>EXPLAIN SELECT * FROM tenk1 WHERE unique1 &lt; 3;

                                  QUERY PLAN
------------------------------------------------------------------------------
 Index Scan using tenk1_unique1 on tenk1  (cost=0.00..10.00 rows=2 width=244)
   Index Cond: (unique1 &lt; 3)</PRE
><P>

この場合、テーブル行はインデックスの順番で取り出されます。
これは高価な読み取りなのですが、行数が少ないため、行位置をソートする余計なコストをかける必要はありません。
単一行のみを取り出す問い合わせや、インデックス順に一致する<TT
CLASS="LITERAL"
>ORDER BY</TT
>条件を有する問い合わせでは、この種の計画をよく見かけます。
   </P
><P
>    <TT
CLASS="LITERAL"
>WHERE</TT
>条件に句をもう1つ追加します。 

</P><PRE
CLASS="PROGRAMLISTING"
>EXPLAIN SELECT * FROM tenk1 WHERE unique1 &lt; 3 AND stringu1 = 'xxx';

                                  QUERY PLAN
------------------------------------------------------------------------------
 Index Scan using tenk1_unique1 on tenk1  (cost=0.00..10.01 rows=1 width=244)
   Index Cond: (unique1 &lt; 3)
   Filter: (stringu1 = 'xxx'::name)</PRE
><P>

追加した句<TT
CLASS="LITERAL"
>stringu1 = 'xxx'</TT
>により出力行数の推定値は減少するものの、検査する行の集合は変わらないためにコストは減っていません。
この<TT
CLASS="LITERAL"
>stringu1</TT
>句は、インデックス条件としては適用できないことに注意してください（このインデックスは、<TT
CLASS="LITERAL"
>unique1</TT
>列のみを対象としているからです）。
その代わり、<TT
CLASS="LITERAL"
>stringu1</TT
>句は、インデックスによって抽出された行のフィルタとして適用されています。
これにより、追加の検査分を反映するため、コストは実際には少し上がります。
   </P
><P
><TT
CLASS="LITERAL"
>WHERE</TT
>句で参照される複数の列に対するインデックスが存在する場合、プランナはインデックスをANDやORで組み合わせて使用することを選択する可能性があります。

</P><PRE
CLASS="PROGRAMLISTING"
>EXPLAIN SELECT * FROM tenk1 WHERE unique1 &lt; 100 AND unique2 &gt; 9000;

                                     QUERY PLAN
-------------------------------------------------------------------------------------
 Bitmap Heap Scan on tenk1  (cost=11.27..49.11 rows=11 width=244)
   Recheck Cond: ((unique1 &lt; 100) AND (unique2 &gt; 9000))
   -&gt;  BitmapAnd  (cost=11.27..11.27 rows=11 width=0)
         -&gt;  Bitmap Index Scan on tenk1_unique1  (cost=0.00..2.37 rows=106 width=0)
               Index Cond: (unique1 &lt; 100)
         -&gt;  Bitmap Index Scan on tenk1_unique2  (cost=0.00..8.65 rows=1042 width=0)
               Index Cond: (unique2 &gt; 9000)</PRE
><P>

しかし、これは両方のインデックスを参照する必要があります。
そのため、インデックスを1つ使用し、他の条件についてはフィルタとして扱う方法と比べて常に勝るとは限りません。
含まれる範囲を変更すると、それに伴い計画も変わることが分かるでしょう。
   </P
><P
>今まで説明に使ってきたフィールドを使って2つのテーブルを結合してみましょう。

</P><PRE
CLASS="PROGRAMLISTING"
>EXPLAIN SELECT *
FROM tenk1 t1, tenk2 t2
WHERE t1.unique1 &lt; 100 AND t1.unique2 = t2.unique2;

                                      QUERY PLAN
--------------------------------------------------------------------------------------
 Nested Loop  (cost=2.37..553.11 rows=106 width=488)
   -&gt;  Bitmap Heap Scan on tenk1 t1  (cost=2.37..232.35 rows=106 width=244)
         Recheck Cond: (unique1 &lt; 100)
         -&gt;  Bitmap Index Scan on tenk1_unique1  (cost=0.00..2.37 rows=106 width=0)
               Index Cond: (unique1 &lt; 100)
   -&gt;  Index Scan using tenk2_unique2 on tenk2 t2  (cost=0.00..3.01 rows=1 width=244)
         Index Cond: (unique2 = t1.unique2)</PRE
><P>
   </P
><P
>この入れ子状ループ結合では、外部（上側）スキャンに、最後の例で示したのと同じビットマップインデックススキャンが使われています。
そして、<TT
CLASS="LITERAL"
>unique1 &lt; 100</TT
> <TT
CLASS="LITERAL"
>WHERE</TT
>句を該当ノードに適用しているため、コストと出力行数は変わっていません。
この段階では<TT
CLASS="LITERAL"
>t1.unique2 = t2.unique2</TT
>句は関係しておらず、外部スキャンにおける出力行数に影響していません。
内部（下側）スキャンでは、外部スキャンにおける現在の行の<TT
CLASS="LITERAL"
>unique2</TT
>の値が内部のインデックススキャンに投げ込まれ、<TT
CLASS="LITERAL"
>unique2 = <TT
CLASS="REPLACEABLE"
><I
>constant</I
></TT
></TT
>のようなインデックス条件を生成します。
したがって、内部スキャンの計画とコストは、例えば<TT
CLASS="LITERAL"
>EXPLAIN SELECT * FROM tenk2 WHERE unique2 = 42</TT
>のような問い合わせと同じです。
ループノードのコストは、外部スキャンのコストと、各々の外部の行に対して内部スキャンが繰り返されることによるコスト（ここでは106 * 3.01）を加え、さらに結合処理を行うための少々のCPU時間を加えたものになります。
   </P
><P
>この例では、結合の出力行数は2つのスキャンの出力行数の積に等しくなっていますが、いつもそうなるわけではありません。
2つのテーブルに関係する<TT
CLASS="LITERAL"
>WHERE</TT
>句は、入力スキャン時ではなく、結合を行う際に適用されるからです。
例えば、<TT
CLASS="LITERAL"
>WHERE ... AND t1.hundred &lt; t2.hundred</TT
>という句を追加したとすると、結合ノードの出力行数を減らしはしますが、入力スキャンには影響しません。
   </P
><P
><A
HREF="runtime-config-query.html#RUNTIME-CONFIG-QUERY-ENABLE"
>&#38917;18.7.1</A
>に記載したenable/disableフラグを使用して、プランナが最も良いと考えている戦略を強制的に無視させる方法により、異なった計画を観察することができます。
（非常に原始的なツールですが、利用価値があります。
<A
HREF="explicit-joins.html"
>&#38917;14.3</A
>も参照してください。）

</P><PRE
CLASS="PROGRAMLISTING"
>SET enable_nestloop = off;
EXPLAIN SELECT *
FROM tenk1 t1, tenk2 t2
WHERE t1.unique1 &lt; 100 AND t1.unique2 = t2.unique2;

                                        QUERY PLAN
------------------------------------------------------------------------------------------
 Hash Join  (cost=232.61..741.67 rows=106 width=488)
   Hash Cond: (t2.unique2 = t1.unique2)
   -&gt;  Seq Scan on tenk2 t2  (cost=0.00..458.00 rows=10000 width=244)
   -&gt;  Hash  (cost=232.35..232.35 rows=106 width=244)
         -&gt;  Bitmap Heap Scan on tenk1 t1  (cost=2.37..232.35 rows=106 width=244)
               Recheck Cond: (unique1 &lt; 100)
               -&gt;  Bitmap Index Scan on tenk1_unique1  (cost=0.00..2.37 rows=106 width=0)
                     Index Cond: (unique1 &lt; 100)</PRE
><P>

この計画では、上と同様にインデックススキャンを使って<CODE
CLASS="CLASSNAME"
>tenk1</CODE
>から必要な100行を取り出してメモリ上のハッシュテーブルに格納し、その後、<CODE
CLASS="CLASSNAME"
>tenk2</CODE
>をシーケンシャルスキャンして、<CODE
CLASS="CLASSNAME"
>tenk2</CODE
>の行ごとに<TT
CLASS="LITERAL"
>t1.unique2 = t2.unique2</TT
>を満たすかどうかハッシュテーブルを検査します。
<CODE
CLASS="CLASSNAME"
>tenk1</CODE
>を読み取り、ハッシュテーブルを設定するためのコストは、<CODE
CLASS="CLASSNAME"
>tenk2</CODE
>の読み取りを始めるまで何も出力がありませんので、ハッシュ結合の初期コストとなります。
また、この結合の推定総時間には、ハッシュテーブルを10000回検査する、大きなCPU時間が含まれています。
しかし、この種類の計画ではハッシュテーブルの設定は一度のみのため、10000×232.35分のコストは<SPAN
CLASS="emphasis"
><I
CLASS="EMPHASIS"
>かからない</I
></SPAN
>ことに注意してください。
   </P
><P
><TT
CLASS="COMMAND"
>EXPLAIN ANALYZE</TT
>を使用して、プランナが推定するコストの精度を点検することができます。
このコマンドは実際にその問い合わせを実行し、計画ノードごとに要した実際の実行時間を、普通の<TT
CLASS="COMMAND"
>EXPLAIN</TT
>が示す推定コストと同じ値と一緒に表示します。
例えば、以下のような結果を得ることができます。

</P><PRE
CLASS="SCREEN"
>EXPLAIN ANALYZE SELECT *
FROM tenk1 t1, tenk2 t2
WHERE t1.unique1 &lt; 100 AND t1.unique2 = t2.unique2;

                                                            QUERY PLAN
----------------------------------------------------------------------------------------------------------------------------------
 Nested Loop  (cost=2.37..553.11 rows=106 width=488) (actual time=1.392..12.700 rows=100 loops=1)
   -&gt;  Bitmap Heap Scan on tenk1 t1  (cost=2.37..232.35 rows=106 width=244) (actual time=0.878..2.367 rows=100 loops=1)
         Recheck Cond: (unique1 &lt; 100)
         -&gt;  Bitmap Index Scan on tenk1_unique1  (cost=0.00..2.37 rows=106 width=0) (actual time=0.546..0.546 rows=100 loops=1)
               Index Cond: (unique1 &lt; 100)
   -&gt;  Index Scan using tenk2_unique2 on tenk2 t2  (cost=0.00..3.01 rows=1 width=244) (actual time=0.067..0.078 rows=1 loops=100)
         Index Cond: (unique2 = t1.unique2)
 Total runtime: 14.452 ms</PRE
><P>

<SPAN
CLASS="QUOTE"
>"actual time"</SPAN
>値は実時間をミリ秒単位で表されていること、<TT
CLASS="LITERAL"
>cost</TT
>推定値は何らかの単位で表されていることに注意してください。
ですからそのまま比較することはできません。
注目する点は、実時間と推定コストの割合に矛盾がないかどうかです。
   </P
><P
>問い合わせ計画の中には、何回も副計画ノードを実行できるものがあります。
例えば、上述の入れ子状ループの計画では、内部インデックススキャンは外部の行ごとに一度行われます。
このような場合、<TT
CLASS="LITERAL"
>loops</TT
>値はそのノードを実行する総回数を報告し、表示される実際の時間と行数は1実行当たりの平均です。
これで値を表示された推定コストと比較できるようになります。
<TT
CLASS="LITERAL"
>loops</TT
>値をかけることで、そのノードで実際に費やされた総時間を得ることができます。
   </P
><P
><TT
CLASS="COMMAND"
>EXPLAIN ANALYZE</TT
>で表示される<TT
CLASS="LITERAL"
>Total runtime</TT
>（総実行時間）にはエクゼキュータの起動、停止時間も含まれますが、解析や書き換え、計画作成の時間は含まれません。
<TT
CLASS="COMMAND"
>INSERT</TT
>、<TT
CLASS="COMMAND"
>UPDATE</TT
>および<TT
CLASS="COMMAND"
>DELETE</TT
>コマンドでは、テーブルの変更を適用するために費やされる時間が最上位のInsert、Update、Delete計画ノードに計上されます。
（このノードの下位にある計画ノードは、古い行の場所を決定すること、新しい行を計算すること、またはその両方の作業を表します。）
<TT
CLASS="LITERAL"
>BEFORE</TT
>トリガがもしあれば、<TT
CLASS="LITERAL"
>BEFORE</TT
>トリガの実行に費やされる時間は関連するInsert、Update、Deleteノードに計上されます。
しかし<TT
CLASS="LITERAL"
>AFTER</TT
>トリガの実行に費やされる時間は計上されません。
トリガ（<TT
CLASS="LITERAL"
>BEFORE</TT
>または<TT
CLASS="LITERAL"
>AFTER</TT
>）に費やされた時間はトリガ毎に別々に表示され、また、総実行時間に含まれます。
しかし、遅延制約トリガはトランザクションが終わるまで実行されませんので、<TT
CLASS="COMMAND"
>EXPLAIN ANALYZE</TT
>では表示されないことに注意してください。
   </P
><P
><TT
CLASS="COMMAND"
>EXPLAIN ANALYZE</TT
>により測定される実行時間が同じ問い合わせを普通に実行する場合と大きくそれる可能性がある、２つの重大な点があります。
１つ目は、出力行がクライアントに配信されませんので、ネットワーク転送コストとI/O書式処理に関するコストが含まれないことです。
２つ目は、<TT
CLASS="COMMAND"
>EXPLAIN ANALYZE</TT
>によって加わるオーバーヘッドが大きくなることが、特に<CODE
CLASS="FUNCTION"
>gettimeofday()</CODE
>カーネルコールが低速なマシンであり得ることです。
   </P
><P
><TT
CLASS="COMMAND"
>EXPLAIN</TT
>の結果を試験を行ったもの以外の推定に使ってはいけないことは言うまでもありません。
例えば、小さなテーブルの結果は、巨大なテーブルに適用できるとは仮定できません。
プランナの推定コストは線形ではなく、そのため、テーブルの大小によって異なる計画を選択する可能性があります。
極端な例ですが、テーブルが1ディスクページしか占めない場合、インデックスが使用できる、できないに関係なく、ほとんど常にシーケンシャルスキャン計画を得ることになります。
プランナは、どのような場合でもテーブルを処理するために1ディスクページ読み取りを行うので、インデックスを参照するための追加的ページ読み取りを行う価値がないことを知っています。
   </P
></DIV
><H3
CLASS="FOOTNOTES"
>&#27880;&#24847;</H3
><TABLE
BORDER="0"
CLASS="FOOTNOTES"
WIDTH="100%"
><TR
><TD
ALIGN="LEFT"
VALIGN="TOP"
WIDTH="5%"
><A
NAME="FTN.AEN22842"
HREF="using-explain.html#AEN22842"
><SPAN
CLASS="footnote"
>[1]</SPAN
></A
></TD
><TD
ALIGN="LEFT"
VALIGN="TOP"
WIDTH="95%"
><P
>本節の例は、8.2の開発版ソースを用いて<TT
CLASS="COMMAND"
>VACUUM ANALYZE</TT
>を実行した後でリグレッション試験データベースから取り出したものです。
実際にこの例を試すと、似たような結果になるはずですが、おそらく推定コストや行数は多少異なることになるでしょう。
<TT
CLASS="COMMAND"
>ANALYZE</TT
>による統計情報は厳密なものではなくランダムなサンプリングを行った結果であるからです。
     </P
></TD
></TR
></TABLE
><DIV
CLASS="NAVFOOTER"
><HR
ALIGN="LEFT"
WIDTH="100%"><TABLE
SUMMARY="Footer navigation table"
WIDTH="100%"
BORDER="0"
CELLPADDING="0"
CELLSPACING="0"
><TR
><TD
WIDTH="33%"
ALIGN="left"
VALIGN="top"
><A
HREF="performance-tips.html"
ACCESSKEY="P"
>&#21069;&#12398;&#12506;&#12540;&#12472;</A
></TD
><TD
WIDTH="34%"
ALIGN="center"
VALIGN="top"
><A
HREF="index.html"
ACCESSKEY="H"
>&#12507;&#12540;&#12512;</A
></TD
><TD
WIDTH="33%"
ALIGN="right"
VALIGN="top"
><A
HREF="planner-stats.html"
ACCESSKEY="N"
>&#27425;&#12398;&#12506;&#12540;&#12472;</A
></TD
></TR
><TR
><TD
WIDTH="33%"
ALIGN="left"
VALIGN="top"
>性能に関するヒント</TD
><TD
WIDTH="34%"
ALIGN="center"
VALIGN="top"
><A
HREF="performance-tips.html"
ACCESSKEY="U"
>&#19978;&#12395;&#25147;&#12427;</A
></TD
><TD
WIDTH="33%"
ALIGN="right"
VALIGN="top"
>プランナで使用される統計情報</TD
></TR
></TABLE
></DIV
></BODY
></HTML
></div>
